TN:
SF:index.js
FN:24,(anonymous_0)
FN:29,(anonymous_1)
FNF:2
FNH:1
FNDA:0,(anonymous_0)
FNDA:1,(anonymous_1)
DA:2,1
DA:3,1
DA:4,1
DA:5,1
DA:6,1
DA:7,1
DA:8,1
DA:10,1
DA:11,1
DA:13,1
DA:14,1
DA:15,1
DA:16,1
DA:18,1
DA:20,1
DA:22,1
DA:23,1
DA:24,1
DA:25,0
DA:27,1
DA:28,1
DA:29,1
DA:31,1
LF:23
LH:22
BRDA:28,0,0,1
BRDA:28,0,1,0
BRF:2
BRH:1
end_of_record
TN:
SF:src\swagger.js
FNF:0
FNH:0
DA:1,1
DA:3,1
DA:32,1
DA:34,1
LF:4
LH:4
BRF:0
BRH:0
end_of_record
TN:
SF:src\Database\config\config.js
FNF:0
FNH:0
DA:3,1
DA:5,1
LF:2
LH:2
BRF:0
BRH:0
end_of_record
TN:
SF:src\Database\models\index.js
FN:27,(anonymous_0)
FN:32,(anonymous_1)
FN:41,(anonymous_2)
FNF:3
FNH:3
FNDA:4,(anonymous_0)
FNDA:3,(anonymous_1)
FNDA:3,(anonymous_2)
DA:2,1
DA:3,1
DA:4,1
DA:5,1
DA:7,1
DA:8,1
DA:10,1
DA:11,1
DA:14,1
DA:15,0
DA:17,1
DA:25,1
DA:27,4
DA:34,3
DA:38,3
DA:41,1
DA:42,3
DA:43,3
DA:47,1
DA:48,1
DA:50,1
DA:52,1
LF:22
LH:21
BRDA:8,0,0,1
BRDA:8,0,1,0
BRDA:14,1,0,0
BRDA:14,1,1,1
BRDA:27,2,0,4
BRDA:27,2,1,4
BRDA:27,2,2,3
BRDA:27,2,3,3
BRDA:42,3,0,3
BRDA:42,3,1,0
BRF:10
BRH:7
end_of_record
TN:
SF:src\Database\models\product.js
FN:9,(anonymous_0)
FN:14,(anonymous_1)
FNF:2
FNH:2
FNDA:1,(anonymous_0)
FNDA:1,(anonymous_1)
DA:7,1
DA:9,1
DA:16,1
DA:20,1
DA:37,1
LF:5
LH:5
BRF:0
BRH:0
end_of_record
TN:
SF:src\Database\models\shopping-cart.model.js
FN:4,(anonymous_0)
FN:9,(anonymous_1)
FNF:2
FNH:2
FNDA:1,(anonymous_0)
FNDA:1,(anonymous_1)
DA:2,1
DA:4,1
DA:11,1
DA:14,1
DA:28,1
LF:5
LH:5
BRF:0
BRH:0
end_of_record
TN:
SF:src\Database\models\user.js
FN:4,(anonymous_0)
FN:12,(anonymous_1)
FNF:2
FNH:2
FNDA:2,(anonymous_0)
FNDA:1,(anonymous_1)
DA:2,1
DA:4,1
DA:14,2
DA:52,2
LF:4
LH:4
BRF:0
BRH:0
end_of_record
TN:
SF:src\controllers\change-password.controller.js
FN:4,(anonymous_0)
FNF:1
FNH:0
FNDA:0,(anonymous_0)
DA:1,1
DA:2,1
DA:4,1
DA:5,0
DA:7,0
DA:9,0
DA:10,0
DA:13,1
LF:8
LH:4
BRF:0
BRH:0
end_of_record
TN:
SF:src\controllers\create-product.controller.js
FN:4,(anonymous_0)
FNF:1
FNH:1
FNDA:11,(anonymous_0)
DA:1,1
DA:2,1
DA:4,1
DA:5,11
DA:8,11
DA:10,11
DA:11,11
DA:12,3
DA:16,8
DA:19,8
DA:22,8
DA:23,1
DA:30,7
DA:32,7
DA:43,5
DA:49,2
DA:57,1
LF:17
LH:17
BRDA:11,0,0,3
BRDA:11,0,1,8
BRDA:22,1,0,1
BRDA:22,1,1,7
BRDA:38,2,0,7
BRDA:38,2,1,0
BRF:6
BRH:5
end_of_record
TN:
SF:src\controllers\deleteProduct.controller.js
FN:3,(anonymous_0)
FNF:1
FNH:1
FNDA:1,(anonymous_0)
DA:1,1
DA:3,1
DA:4,1
DA:5,1
DA:6,1
DA:7,0
DA:11,1
DA:12,1
DA:15,1
DA:16,0
DA:21,1
DA:22,1
DA:27,0
DA:35,1
LF:14
LH:11
BRDA:6,0,0,0
BRDA:6,0,1,1
BRDA:15,1,0,0
BRDA:15,1,1,1
BRF:4
BRH:2
end_of_record
TN:
SF:src\controllers\disableAccount.controller.js
FN:3,(anonymous_0)
FN:8,(anonymous_1)
FN:20,(anonymous_2)
FNF:3
FNH:2
FNDA:1,(anonymous_0)
FNDA:1,(anonymous_1)
FNDA:0,(anonymous_2)
DA:1,1
DA:3,1
DA:4,1
DA:5,1
DA:10,1
DA:11,1
DA:15,0
DA:21,0
DA:27,1
LF:9
LH:7
BRDA:10,0,0,1
BRDA:10,0,1,0
BRF:2
BRH:1
end_of_record
TN:
SF:src\controllers\getItems.controller.js
FN:7,(anonymous_0)
FN:48,(anonymous_1)
FNF:2
FNH:2
FNDA:4,(anonymous_0)
FNDA:4,(anonymous_1)
DA:3,1
DA:5,1
DA:7,1
DA:8,4
DA:9,4
DA:10,4
DA:12,4
DA:13,4
DA:14,2
DA:17,4
DA:18,4
DA:19,0
DA:21,4
DA:23,4
DA:32,4
DA:44,0
DA:46,1
DA:48,1
DA:49,4
DA:50,4
DA:51,4
DA:53,4
DA:54,4
DA:55,0
DA:58,4
DA:59,4
DA:60,0
DA:62,4
DA:64,4
DA:66,4
DA:75,4
DA:87,0
DA:89,1
LF:33
LH:28
BRDA:13,0,0,2
BRDA:13,0,1,2
BRDA:13,1,0,4
BRDA:13,1,1,3
BRDA:18,2,0,0
BRDA:18,2,1,4
BRDA:18,3,0,4
BRDA:18,3,1,1
BRDA:18,3,2,1
BRDA:54,4,0,0
BRDA:54,4,1,4
BRDA:54,5,0,4
BRDA:54,5,1,3
BRDA:59,6,0,0
BRDA:59,6,1,4
BRDA:59,7,0,4
BRDA:59,7,1,2
BRDA:59,7,2,2
BRF:18
BRH:15
end_of_record
TN:
SF:src\controllers\google-auth-controller.js
FN:6,(anonymous_0)
FN:9,(anonymous_1)
FN:12,(anonymous_2)
FNF:3
FNH:2
FNDA:1,(anonymous_0)
FNDA:1,(anonymous_1)
FNDA:0,(anonymous_2)
DA:4,1
DA:6,1
DA:7,1
DA:9,1
DA:10,1
DA:12,1
DA:13,0
DA:15,1
LF:8
LH:7
BRF:0
BRH:0
end_of_record
TN:
SF:src\controllers\login.controller.js
FN:9,(anonymous_0)
FNF:1
FNH:1
FNDA:70,(anonymous_0)
DA:3,1
DA:4,1
DA:6,1
DA:10,70
DA:11,70
DA:12,70
DA:13,1
DA:18,69
DA:20,69
DA:21,2
DA:23,67
DA:24,0
DA:27,67
DA:28,67
DA:29,1
DA:32,66
DA:33,66
DA:38,0
DA:41,1
DA:43,1
LF:20
LH:18
BRDA:12,0,0,1
BRDA:12,0,1,69
BRDA:12,1,0,70
BRDA:12,1,1,69
BRDA:20,2,0,2
BRDA:20,2,1,67
BRDA:23,3,0,0
BRDA:23,3,1,67
BRDA:28,4,0,1
BRDA:28,4,1,66
BRF:10
BRH:9
end_of_record
TN:
SF:src\controllers\reset-password.controller.js
FN:11,(anonymous_0)
FN:43,(anonymous_1)
FNF:2
FNH:2
FNDA:3,(anonymous_0)
FNDA:4,(anonymous_1)
DA:4,1
DA:5,1
DA:6,1
DA:8,1
DA:11,1
DA:12,3
DA:13,3
DA:16,3
DA:17,2
DA:18,1
DA:22,1
DA:25,1
DA:26,1
DA:29,1
DA:35,1
DA:37,1
DA:39,1
DA:41,1
DA:43,1
DA:44,4
DA:45,4
DA:47,4
DA:48,1
DA:52,3
DA:53,2
DA:54,1
DA:58,1
DA:59,1
DA:64,1
DA:66,1
DA:68,1
LF:31
LH:31
BRDA:17,0,0,1
BRDA:17,0,1,1
BRDA:47,1,0,1
BRDA:47,1,1,3
BRDA:53,2,0,1
BRDA:53,2,1,1
BRF:6
BRH:6
end_of_record
TN:
SF:src\controllers\searchProducts.controller.js
FN:6,(anonymous_0)
FNF:1
FNH:1
FNDA:4,(anonymous_0)
DA:1,1
DA:2,1
DA:4,1
DA:6,1
DA:9,4
DA:12,4
DA:14,4
DA:15,2
DA:18,4
DA:19,2
DA:22,4
DA:23,2
DA:24,2
DA:25,0
DA:26,2
DA:27,0
DA:30,4
DA:35,4
DA:38,1
LF:19
LH:17
BRDA:14,0,0,2
BRDA:14,0,1,2
BRDA:18,1,0,2
BRDA:18,1,1,2
BRDA:22,2,0,2
BRDA:22,2,1,2
BRDA:22,3,0,4
BRDA:22,3,1,2
BRDA:24,4,0,0
BRDA:24,4,1,2
BRDA:26,5,0,0
BRDA:26,5,1,2
BRF:12
BRH:10
end_of_record
TN:
SF:src\controllers\shopping-cart.controller.js
FN:4,(anonymous_0)
FN:86,(anonymous_1)
FNF:2
FNH:2
FNDA:8,(anonymous_0)
FNDA:2,(anonymous_1)
DA:2,1
DA:4,1
DA:5,8
DA:6,8
DA:9,8
DA:10,7
DA:11,1
DA:18,6
DA:19,1
DA:26,5
DA:27,1
DA:34,4
DA:35,1
DA:41,3
DA:42,1
DA:49,2
DA:54,2
DA:57,0
DA:58,0
DA:59,0
DA:61,0
DA:68,2
DA:69,2
DA:71,2
DA:80,2
DA:85,2
DA:86,2
DA:91,2
DA:94,2
DA:120,1
DA:129,1
LF:31
LH:27
BRDA:10,0,0,1
BRDA:10,0,1,6
BRDA:18,1,0,1
BRDA:18,1,1,5
BRDA:26,2,0,1
BRDA:26,2,1,4
BRDA:34,3,0,1
BRDA:34,3,1,3
BRDA:41,4,0,1
BRDA:41,4,1,2
BRDA:54,5,0,0
BRDA:54,5,1,2
BRF:12
BRH:11
end_of_record
TN:
SF:src\controllers\signup.controller.js
FN:15,(anonymous_0)
FN:44,(anonymous_1)
FN:51,(anonymous_2)
FNF:3
FNH:2
FNDA:20,(anonymous_0)
FNDA:15,(anonymous_1)
FNDA:0,(anonymous_2)
DA:5,1
DA:6,1
DA:7,1
DA:8,1
DA:9,1
DA:10,1
DA:12,1
DA:15,1
DA:16,20
DA:17,20
DA:19,20
DA:20,1
DA:23,19
DA:25,19
DA:26,4
DA:31,15
DA:32,15
DA:34,15
DA:36,15
DA:43,15
DA:45,15
DA:46,15
DA:52,0
DA:58,1
LF:24
LH:23
BRDA:19,0,0,1
BRDA:19,0,1,19
BRDA:25,1,0,4
BRDA:25,1,1,15
BRDA:53,2,0,0
BRDA:53,2,1,0
BRF:6
BRH:4
end_of_record
TN:
SF:src\controllers\signupAdmin.controller.js
FN:7,(anonymous_0)
FN:33,(anonymous_1)
FN:40,(anonymous_2)
FNF:3
FNH:2
FNDA:12,(anonymous_0)
FNDA:8,(anonymous_1)
FNDA:0,(anonymous_2)
DA:1,1
DA:2,1
DA:3,1
DA:4,1
DA:6,1
DA:7,1
DA:8,12
DA:10,12
DA:12,12
DA:13,1
DA:15,11
DA:17,11
DA:18,3
DA:23,8
DA:24,8
DA:25,8
DA:26,8
DA:32,8
DA:34,8
DA:35,8
DA:41,0
DA:48,1
LF:22
LH:21
BRDA:12,0,0,1
BRDA:12,0,1,11
BRDA:17,1,0,3
BRDA:17,1,1,8
BRDA:43,2,0,0
BRDA:43,2,1,0
BRF:6
BRH:4
end_of_record
TN:
SF:src\controllers\update-product.controller.js
FN:3,(anonymous_0)
FNF:1
FNH:1
FNDA:3,(anonymous_0)
DA:1,1
DA:3,1
DA:4,3
DA:5,3
DA:8,3
DA:11,3
DA:13,3
DA:14,1
DA:21,2
DA:22,2
DA:23,2
DA:33,1
DA:40,1
DA:48,1
LF:14
LH:14
BRDA:13,0,0,1
BRDA:13,0,1,2
BRDA:22,1,0,0
BRDA:22,1,1,2
BRDA:22,2,0,2
BRDA:22,2,1,2
BRF:6
BRH:5
end_of_record
TN:
SF:src\controllers\update-shopping-cart.contoller.js
FN:5,(anonymous_0)
FN:62,(anonymous_1)
FNF:2
FNH:2
FNDA:6,(anonymous_0)
FNDA:1,(anonymous_1)
DA:3,1
DA:5,1
DA:6,6
DA:7,6
DA:8,6
DA:11,6
DA:16,5
DA:17,1
DA:23,4
DA:24,1
DA:31,3
DA:32,1
DA:39,2
DA:40,1
DA:47,1
DA:48,1
DA:49,1
DA:56,1
DA:61,1
DA:62,1
DA:66,1
DA:71,1
DA:97,1
DA:105,1
LF:24
LH:24
BRDA:16,0,0,1
BRDA:16,0,1,4
BRDA:23,1,0,1
BRDA:23,1,1,3
BRDA:31,2,0,1
BRDA:31,2,1,2
BRDA:39,3,0,1
BRDA:39,3,1,1
BRF:8
BRH:8
end_of_record
TN:
SF:src\controllers\userRoles.controller.js
FN:5,(anonymous_0)
FN:31,(anonymous_1)
FN:61,(anonymous_2)
FNF:3
FNH:3
FNDA:4,(anonymous_0)
FNDA:3,(anonymous_1)
FNDA:13,(anonymous_2)
DA:1,1
DA:2,1
DA:4,1
DA:5,1
DA:6,4
DA:7,4
DA:8,4
DA:9,4
DA:10,4
DA:11,1
DA:13,3
DA:14,1
DA:16,2
DA:17,2
DA:18,2
DA:19,1
DA:23,1
DA:24,1
DA:25,1
DA:26,1
DA:28,0
DA:30,1
DA:31,1
DA:32,3
DA:33,3
DA:34,3
DA:35,3
DA:36,3
DA:37,1
DA:39,2
DA:40,1
DA:44,1
DA:45,1
DA:46,1
DA:47,1
DA:49,0
DA:53,1
DA:54,1
DA:55,1
DA:57,0
DA:59,1
DA:61,1
DA:62,13
DA:63,13
DA:64,13
DA:65,13
DA:66,12
DA:67,1
DA:70,11
DA:71,1
DA:73,10
DA:74,10
DA:75,9
DA:78,10
DA:79,10
DA:80,1
DA:82,9
DA:83,1
DA:87,8
DA:88,8
DA:90,8
DA:92,1
DA:94,1
LF:63
LH:60
BRDA:10,0,0,1
BRDA:10,0,1,3
BRDA:13,1,0,1
BRDA:13,1,1,2
BRDA:18,2,0,1
BRDA:18,2,1,1
BRDA:36,3,0,1
BRDA:36,3,1,2
BRDA:39,4,0,1
BRDA:39,4,1,1
BRDA:46,5,0,1
BRDA:46,5,1,0
BRDA:66,6,0,1
BRDA:66,6,1,11
BRDA:70,7,0,1
BRDA:70,7,1,10
BRDA:74,8,0,9
BRDA:74,8,1,1
BRDA:79,9,0,1
BRDA:79,9,1,9
BRDA:82,10,0,1
BRDA:82,10,1,8
BRF:22
BRH:21
end_of_record
TN:
SF:src\controllers\view-cart-items.controller.js
FN:4,(anonymous_0)
FNF:1
FNH:1
FNDA:2,(anonymous_0)
DA:1,1
DA:2,1
DA:4,1
DA:5,2
DA:7,2
DA:9,2
DA:10,1
DA:12,1
DA:15,1
LF:9
LH:9
BRDA:9,0,0,1
BRDA:9,0,1,1
BRF:2
BRH:2
end_of_record
TN:
SF:src\middlewares\change-password.middleware.js
FN:4,(anonymous_0)
FNF:1
FNH:0
FNDA:0,(anonymous_0)
DA:1,1
DA:2,1
DA:4,1
DA:5,0
DA:6,0
DA:9,0
DA:11,0
DA:12,0
DA:16,0
DA:17,0
DA:21,0
DA:22,0
DA:23,0
DA:27,0
DA:28,0
DA:32,0
DA:33,0
DA:34,0
DA:35,0
DA:36,0
DA:40,1
LF:21
LH:4
BRDA:11,0,0,0
BRDA:11,0,1,0
BRDA:16,1,0,0
BRDA:16,1,1,0
BRDA:22,2,0,0
BRDA:22,2,1,0
BRDA:27,3,0,0
BRDA:27,3,1,0
BRDA:33,4,0,0
BRDA:33,4,1,0
BRF:10
BRH:0
end_of_record
TN:
SF:src\middlewares\login.middleware.js
FN:7,(anonymous_0)
FNF:1
FNH:1
FNDA:3,(anonymous_0)
DA:4,1
DA:8,3
DA:9,3
DA:11,3
DA:12,1
DA:14,2
DA:15,1
DA:16,0
DA:18,1
DA:19,1
DA:21,1
DA:28,1
LF:12
LH:11
BRDA:11,0,0,1
BRDA:11,0,1,2
BRDA:15,1,0,0
BRDA:15,1,1,1
BRF:4
BRH:3
end_of_record
TN:
SF:src\middlewares\user.Checkrole.js
FN:1,(anonymous_0)
FN:1,(anonymous_1)
FNF:2
FNH:2
FNDA:2,(anonymous_0)
FNDA:6,(anonymous_1)
DA:1,2
DA:2,6
DA:3,6
DA:4,6
DA:5,5
DA:7,1
DA:13,0
DA:17,1
LF:8
LH:7
BRDA:4,0,0,5
BRDA:4,0,1,1
BRF:2
BRH:2
end_of_record
TN:
SF:src\middlewares\userRoles.middleware.js
FN:8,(anonymous_0)
FN:36,(anonymous_1)
FN:65,(anonymous_2)
FN:90,(anonymous_3)
FNF:4
FNH:4
FNDA:25,(anonymous_0)
FNDA:21,(anonymous_1)
FNDA:17,(anonymous_2)
FNDA:15,(anonymous_3)
DA:2,1
DA:3,1
DA:4,1
DA:6,1
DA:8,1
DA:9,25
DA:10,25
DA:11,25
DA:12,1
DA:14,24
DA:15,24
DA:16,23
DA:17,23
DA:18,0
DA:21,23
DA:23,21
DA:24,21
DA:26,0
DA:29,3
DA:30,1
DA:32,2
DA:34,1
DA:36,1
DA:37,21
DA:38,21
DA:39,21
DA:40,2
DA:42,19
DA:43,19
DA:44,16
DA:45,16
DA:46,0
DA:49,16
DA:51,16
DA:52,15
DA:53,15
DA:55,1
DA:58,3
DA:59,3
DA:61,0
DA:63,1
DA:65,1
DA:66,17
DA:67,17
DA:68,17
DA:69,1
DA:71,16
DA:72,16
DA:73,16
DA:74,0
DA:76,16
DA:77,16
DA:78,1
DA:80,15
DA:81,15
DA:83,0
DA:84,0
DA:86,0
DA:88,1
DA:90,1
DA:91,15
DA:92,15
DA:93,15
DA:94,1
DA:96,14
DA:97,14
DA:98,12
DA:99,12
DA:100,0
DA:104,12
DA:105,12
DA:106,12
DA:107,0
DA:111,12
DA:112,12
DA:114,2
DA:115,0
DA:117,2
DA:121,1
LF:79
LH:68
BRDA:11,0,0,1
BRDA:11,0,1,24
BRDA:17,1,0,0
BRDA:17,1,1,23
BRDA:23,2,0,21
BRDA:23,2,1,0
BRDA:29,3,0,1
BRDA:29,3,1,2
BRDA:39,4,0,2
BRDA:39,4,1,19
BRDA:45,5,0,0
BRDA:45,5,1,16
BRDA:51,6,0,15
BRDA:51,6,1,1
BRDA:58,7,0,3
BRDA:58,7,1,0
BRDA:68,8,0,1
BRDA:68,8,1,16
BRDA:73,9,0,0
BRDA:73,9,1,16
BRDA:77,10,0,1
BRDA:77,10,1,15
BRDA:77,11,0,16
BRDA:77,11,1,16
BRDA:83,12,0,0
BRDA:83,12,1,0
BRDA:93,13,0,1
BRDA:93,13,1,14
BRDA:99,14,0,0
BRDA:99,14,1,12
BRDA:106,15,0,0
BRDA:106,15,1,12
BRDA:114,16,0,0
BRDA:114,16,1,2
BRF:34
BRH:24
end_of_record
TN:
SF:src\middlewares\view-cart-items.middleware.js
FN:3,(anonymous_0)
FNF:1
FNH:1
FNDA:2,(anonymous_0)
DA:1,1
DA:3,1
DA:4,2
DA:5,2
DA:6,2
DA:8,2
DA:10,2
DA:12,1
LF:8
LH:8
BRF:0
BRH:0
end_of_record
TN:
SF:src\routes\change-password.routes.js
FNF:0
FNH:0
DA:1,1
DA:2,1
DA:3,1
DA:4,1
DA:6,1
DA:8,1
DA:10,1
LF:7
LH:7
BRF:0
BRH:0
end_of_record
TN:
SF:src\routes\create-product.routes.js
FNF:0
FNH:0
DA:2,1
DA:3,1
DA:4,1
DA:6,1
DA:102,1
DA:104,1
LF:6
LH:6
BRF:0
BRH:0
end_of_record
TN:
SF:src\routes\deleteProduct.routes.js
FNF:0
FNH:0
DA:1,1
DA:2,1
DA:3,1
DA:4,1
DA:6,1
DA:68,1
DA:69,1
LF:7
LH:7
BRF:0
BRH:0
end_of_record
TN:
SF:src\routes\disable-account.routes.js
FNF:0
FNH:0
DA:1,1
DA:2,1
DA:3,1
DA:5,1
DA:85,1
DA:87,1
LF:6
LH:6
BRF:0
BRH:0
end_of_record
TN:
SF:src\routes\getItems.routes.js
FNF:0
FNH:0
DA:1,1
DA:2,1
DA:3,1
DA:4,1
DA:6,1
DA:38,1
DA:72,1
DA:74,1
LF:8
LH:8
BRF:0
BRH:0
end_of_record
TN:
SF:src\routes\google-auth.routes.js
FN:18,(anonymous_0)
FN:157,(anonymous_1)
FNF:2
FNH:1
FNDA:1,(anonymous_0)
FNDA:0,(anonymous_1)
DA:2,1
DA:4,1
DA:6,1
DA:9,1
DA:14,1
DA:16,1
DA:18,1
DA:19,1
DA:27,1
DA:28,1
DA:30,1
DA:32,1
DA:39,1
DA:40,1
DA:71,1
DA:99,1
DA:157,1
DA:158,0
DA:161,1
LF:19
LH:18
BRDA:18,0,0,0
BRDA:18,0,1,1
BRF:2
BRH:1
end_of_record
TN:
SF:src\routes\login.routes.js
FN:83,(anonymous_0)
FNF:1
FNH:1
FNDA:1,(anonymous_0)
DA:7,1
DA:8,1
DA:10,1
DA:11,1
DA:13,1
DA:53,1
DA:80,1
DA:84,1
DA:88,1
LF:9
LH:9
BRF:0
BRH:0
end_of_record
TN:
SF:src\routes\reset-password.routes.js
FNF:0
FNH:0
DA:2,1
DA:3,1
DA:8,1
DA:10,1
DA:52,1
DA:88,1
LF:6
LH:6
BRF:0
BRH:0
end_of_record
TN:
SF:src\routes\routesCalls.routes.js
FNF:0
FNH:0
DA:1,1
DA:2,1
DA:3,1
DA:4,1
DA:5,1
DA:6,1
DA:7,1
DA:8,1
DA:9,1
DA:10,1
DA:11,1
DA:12,1
DA:13,1
DA:14,1
DA:15,1
DA:16,1
DA:17,1
DA:18,1
DA:20,1
DA:22,1
DA:23,1
DA:24,1
DA:25,1
DA:26,1
DA:27,1
DA:28,1
DA:29,1
DA:30,1
DA:31,1
DA:32,1
DA:33,1
DA:34,1
DA:35,1
DA:36,1
DA:37,1
DA:38,1
DA:40,1
LF:37
LH:37
BRF:0
BRH:0
end_of_record
TN:
SF:src\routes\searchProducts.routes.js
FNF:0
FNH:0
DA:1,1
DA:2,1
DA:3,1
DA:5,1
DA:49,1
DA:51,1
LF:6
LH:6
BRF:0
BRH:0
end_of_record
TN:
SF:src\routes\shopping-cart.routes.js
FNF:0
FNH:0
DA:2,1
DA:3,1
DA:4,1
DA:6,1
DA:122,1
DA:124,1
LF:6
LH:6
BRF:0
BRH:0
end_of_record
TN:
SF:src\routes\signup.routes.js
FNF:0
FNH:0
DA:2,1
DA:3,1
DA:5,1
DA:59,1
DA:73,1
LF:5
LH:5
BRF:0
BRH:0
end_of_record
TN:
SF:src\routes\signupAdmin.routes.js
FNF:0
FNH:0
DA:1,1
DA:2,1
DA:4,1
DA:38,1
DA:39,1
LF:5
LH:5
BRF:0
BRH:0
end_of_record
TN:
SF:src\routes\test.routes.js
FN:10,(anonymous_0)
FN:14,(anonymous_1)
FN:17,(anonymous_2)
FNF:3
FNH:3
FNDA:1,(anonymous_0)
FNDA:1,(anonymous_1)
FNDA:1,(anonymous_2)
DA:2,1
DA:3,1
DA:8,1
DA:10,1
DA:11,1
DA:14,1
DA:15,1
DA:17,1
DA:18,1
DA:20,1
LF:10
LH:10
BRF:0
BRH:0
end_of_record
TN:
SF:src\routes\update-product.routes.js
FNF:0
FNH:0
DA:2,1
DA:3,1
DA:4,1
DA:6,1
DA:87,1
DA:89,1
LF:6
LH:6
BRF:0
BRH:0
end_of_record
TN:
SF:src\routes\update-shopping-cart.routes.js
FNF:0
FNH:0
DA:2,1
DA:3,1
DA:4,1
DA:6,1
DA:97,1
DA:99,1
LF:6
LH:6
BRF:0
BRH:0
end_of_record
TN:
SF:src\routes\userRoles.routes.js
FNF:0
FNH:0
DA:2,1
DA:3,1
DA:8,1
DA:10,1
DA:105,1
DA:106,1
DA:107,1
DA:108,1
LF:8
LH:8
BRF:0
BRH:0
end_of_record
TN:
SF:src\routes\view-cart-items.routes.js
FNF:0
FNH:0
DA:1,1
DA:2,1
DA:3,1
DA:4,1
DA:6,1
DA:99,1
DA:101,1
LF:7
LH:7
BRF:0
BRH:0
end_of_record
TN:
SF:src\services\auth.js
FN:25,(anonymous_0)
FN:27,(anonymous_1)
FN:38,(anonymous_2)
FN:39,(anonymous_3)
FN:41,(anonymous_4)
FN:45,(anonymous_5)
FN:49,(anonymous_6)
FN:51,(anonymous_7)
FN:57,(anonymous_8)
FNF:9
FNH:0
FNDA:0,(anonymous_0)
FNDA:0,(anonymous_1)
FNDA:0,(anonymous_2)
FNDA:0,(anonymous_3)
FNDA:0,(anonymous_4)
FNDA:0,(anonymous_5)
FNDA:0,(anonymous_6)
FNDA:0,(anonymous_7)
FNDA:0,(anonymous_8)
DA:2,1
DA:3,1
DA:5,1
DA:6,1
DA:8,1
DA:10,1
DA:12,1
DA:13,1
DA:14,1
DA:15,1
DA:17,1
DA:19,1
DA:26,0
DA:28,0
DA:29,0
DA:31,0
DA:37,0
DA:38,0
DA:39,0
DA:41,0
DA:45,1
DA:46,0
DA:49,1
DA:50,0
DA:52,0
DA:53,0
DA:55,0
DA:58,0
LF:28
LH:14
BRDA:28,0,0,0
BRDA:28,0,1,0
BRDA:52,1,0,0
BRDA:52,1,1,0
BRF:4
BRH:0
end_of_record
TN:
SF:src\utils\handlingTryCatchBlocks.js
FN:2,(anonymous_0)
FN:2,(anonymous_1)
FNF:2
FNH:2
FNDA:2,(anonymous_0)
FNDA:2,(anonymous_1)
DA:2,2
DA:3,2
DA:4,2
DA:6,0
DA:13,1
LF:5
LH:4
BRDA:8,0,0,0
BRDA:8,0,1,0
BRF:2
BRH:0
end_of_record
TN:
SF:src\utils\user.util.js
FN:4,(anonymous_0)
FN:15,(anonymous_1)
FN:20,(anonymous_2)
FN:25,(anonymous_3)
FNF:4
FNH:4
FNDA:89,(anonymous_0)
FNDA:61,(anonymous_1)
FNDA:23,(anonymous_2)
FNDA:67,(anonymous_3)
DA:1,1
DA:2,1
DA:4,1
DA:5,89
DA:12,89
DA:13,1
DA:15,1
DA:16,61
DA:17,56
DA:18,1
DA:20,1
DA:21,23
DA:22,23
DA:23,1
DA:25,1
DA:26,67
DA:27,67
DA:28,1
LF:18
LH:18
BRF:0
BRH:0
end_of_record
TN:
SF:src\utils\userRoles.util.js
FNF:0
FNH:0
DA:1,1
DA:19,1
LF:2
LH:2
BRF:0
BRH:0
end_of_record
TN:
SF:src\validation\product.validator.js
FN:6,(anonymous_0)
FN:6,(anonymous_1)
FNF:2
FNH:2
FNDA:2,(anonymous_0)
FNDA:11,(anonymous_1)
DA:4,1
DA:6,11
DA:8,1
DA:21,1
DA:23,1
LF:5
LH:5
BRF:0
BRH:0
end_of_record
TN:
SF:src\validation\signup.validator.js
FN:10,(anonymous_0)
FN:10,(anonymous_1)
FNF:2
FNH:2
FNDA:2,(anonymous_0)
FNDA:32,(anonymous_1)
DA:4,1
DA:6,1
DA:8,1
DA:10,32
DA:12,1
DA:27,1
DA:29,1
LF:7
LH:7
BRF:0
BRH:0
end_of_record
