TN:
SF:index.js
FN:24,(anonymous_0)
FN:29,(anonymous_1)
FNF:2
FNH:1
FNDA:0,(anonymous_0)
FNDA:1,(anonymous_1)
DA:2,1
DA:3,1
DA:4,1
DA:5,1
DA:6,1
DA:7,1
DA:8,1
DA:10,1
DA:11,1
DA:13,1
DA:14,1
DA:15,1
DA:16,1
DA:18,1
DA:20,1
DA:22,1
DA:23,1
DA:24,1
DA:25,0
DA:27,1
DA:28,1
DA:29,1
DA:31,1
LF:23
LH:22
BRDA:28,0,0,1
BRDA:28,0,1,0
BRF:2
BRH:1
end_of_record
TN:
SF:src/swagger.js
FNF:0
FNH:0
DA:1,1
DA:3,1
DA:32,1
DA:34,1
LF:4
LH:4
BRF:0
BRH:0
end_of_record
TN:
SF:src/Database/config/config.js
FNF:0
FNH:0
DA:3,1
DA:5,1
LF:2
LH:2
BRF:0
BRH:0
end_of_record
TN:
SF:src/Database/models/deliveryAddress.model.js
FN:4,(anonymous_0)
FN:6,(anonymous_1)
FNF:2
FNH:2
FNDA:1,(anonymous_0)
FNDA:1,(anonymous_1)
DA:2,1
DA:4,1
DA:7,1
DA:10,1
DA:17,1
LF:5
LH:5
BRF:0
BRH:0
end_of_record
TN:
SF:src/Database/models/index.js
FN:27,(anonymous_0)
FN:32,(anonymous_1)
FN:41,(anonymous_2)
FNF:3
FNH:3
FNDA:6,(anonymous_0)
FNDA:5,(anonymous_1)
FNDA:5,(anonymous_2)
DA:2,1
DA:3,1
DA:4,1
DA:5,1
DA:7,1
DA:8,1
DA:10,1
DA:11,1
DA:14,1
DA:15,0
DA:17,1
DA:25,1
DA:27,6
DA:34,5
DA:38,5
DA:41,1
DA:42,5
DA:43,5
DA:47,1
DA:48,1
DA:50,1
DA:52,1
LF:22
LH:21
BRDA:8,0,0,1
BRDA:8,0,1,0
BRDA:14,1,0,0
BRDA:14,1,1,1
BRDA:27,2,0,6
BRDA:27,2,1,6
BRDA:27,2,2,5
BRDA:27,2,3,5
BRDA:42,3,0,5
BRDA:42,3,1,0
BRF:10
BRH:7
end_of_record
TN:
SF:src/Database/models/order.model.js
FN:4,(anonymous_0)
FN:6,(anonymous_1)
FNF:2
FNH:2
FNDA:1,(anonymous_0)
FNDA:1,(anonymous_1)
DA:2,1
DA:4,1
DA:7,1
DA:10,1
DA:21,1
LF:5
LH:5
BRF:0
BRH:0
end_of_record
TN:
SF:src/Database/models/product.js
FN:9,(anonymous_0)
FN:14,(anonymous_1)
FN:23,(anonymous_2)
FNF:3
FNH:2
FNDA:1,(anonymous_0)
FNDA:1,(anonymous_1)
FNDA:0,(anonymous_2)
DA:7,1
DA:9,1
DA:16,1
DA:24,0
DA:28,1
DA:45,1
LF:6
LH:5
BRF:0
BRH:0
end_of_record
TN:
SF:src/Database/models/shopping-cart.model.js
FN:4,(anonymous_0)
FN:9,(anonymous_1)
FNF:2
FNH:2
FNDA:1,(anonymous_0)
FNDA:1,(anonymous_1)
DA:2,1
DA:4,1
DA:11,1
DA:14,1
DA:28,1
LF:5
LH:5
BRF:0
BRH:0
end_of_record
TN:
SF:src/Database/models/user.js
FN:4,(anonymous_0)
FN:12,(anonymous_1)
FNF:2
FNH:2
FNDA:2,(anonymous_0)
FNDA:1,(anonymous_1)
DA:2,1
DA:4,1
DA:14,2
DA:61,2
LF:4
LH:4
BRF:0
BRH:0
end_of_record
TN:
SF:src/controllers/checkOut.controller.js
FN:4,(anonymous_0)
FN:10,(anonymous_1)
FNF:2
FNH:2
FNDA:1,(anonymous_0)
FNDA:1,(anonymous_1)
DA:1,1
DA:2,1
DA:4,1
DA:6,1
DA:8,1
DA:10,1
DA:11,1
DA:16,1
DA:19,1
DA:26,1
DA:27,1
DA:33,1
DA:41,1
DA:46,1
LF:14
LH:14
BRDA:26,0,0,1
BRDA:26,0,1,0
BRF:2
BRH:1
end_of_record
TN:
SF:src/controllers/create-product.controller.js
FN:4,(anonymous_0)
FNF:1
FNH:1
FNDA:12,(anonymous_0)
DA:1,1
DA:2,1
DA:4,1
DA:5,12
DA:8,12
DA:10,12
DA:11,12
DA:12,9
DA:16,3
DA:19,3
DA:22,3
DA:23,0
DA:30,3
DA:32,3
DA:43,1
DA:49,2
DA:57,1
LF:17
LH:16
BRDA:11,0,0,9
BRDA:11,0,1,3
BRDA:22,1,0,0
BRDA:22,1,1,3
BRDA:38,2,0,3
BRDA:38,2,1,0
BRF:6
BRH:4
end_of_record
TN:
SF:src/controllers/deleteProduct.controller.js
FN:3,(anonymous_0)
FNF:1
FNH:0
FNDA:0,(anonymous_0)
DA:1,1
DA:3,1
DA:4,0
DA:5,0
DA:6,0
DA:7,0
DA:11,0
DA:12,0
DA:15,0
DA:16,0
DA:21,0
DA:22,0
DA:27,0
DA:35,1
LF:14
LH:3
BRDA:6,0,0,0
BRDA:6,0,1,0
BRDA:15,1,0,0
BRDA:15,1,1,0
BRF:4
BRH:0
end_of_record
TN:
SF:src/controllers/disableAccount.controller.js
FN:4,(anonymous_0)
FN:9,(anonymous_1)
FNF:2
FNH:2
FNDA:1,(anonymous_0)
FNDA:1,(anonymous_1)
DA:1,1
DA:2,1
DA:4,1
DA:5,1
DA:6,1
DA:11,1
DA:12,1
DA:16,0
DA:23,1
LF:9
LH:8
BRDA:11,0,0,1
BRDA:11,0,1,0
BRF:2
BRH:1
end_of_record
TN:
SF:src/controllers/getItems.controller.js
FN:8,(anonymous_0)
FN:49,(anonymous_1)
FNF:2
FNH:2
FNDA:5,(anonymous_0)
FNDA:5,(anonymous_1)
DA:3,1
DA:4,1
DA:6,1
DA:8,1
DA:9,5
DA:10,5
DA:12,5
DA:13,5
DA:14,1
DA:17,5
DA:18,5
DA:19,0
DA:21,5
DA:23,5
DA:31,5
DA:32,5
DA:36,0
DA:47,1
DA:49,1
DA:50,5
DA:51,5
DA:53,5
DA:54,5
DA:55,1
DA:58,5
DA:59,5
DA:60,0
DA:62,5
DA:64,5
DA:66,5
DA:74,5
DA:75,5
DA:79,0
DA:90,1
LF:34
LH:30
BRDA:13,0,0,1
BRDA:13,0,1,4
BRDA:13,1,0,5
BRDA:13,1,1,4
BRDA:18,2,0,0
BRDA:18,2,1,5
BRDA:18,3,0,5
BRDA:18,3,1,2
BRDA:18,3,2,2
BRDA:31,4,0,5
BRDA:31,4,1,0
BRDA:54,5,0,1
BRDA:54,5,1,4
BRDA:54,6,0,5
BRDA:54,6,1,4
BRDA:59,7,0,0
BRDA:59,7,1,5
BRDA:59,8,0,5
BRDA:59,8,1,3
BRDA:59,8,2,3
BRDA:74,9,0,5
BRDA:74,9,1,0
BRF:22
BRH:18
end_of_record
TN:
SF:src/controllers/google-auth-controller.js
FN:6,(anonymous_0)
FN:9,(anonymous_1)
FN:12,(anonymous_2)
FNF:3
FNH:2
FNDA:1,(anonymous_0)
FNDA:1,(anonymous_1)
FNDA:0,(anonymous_2)
DA:4,1
DA:6,1
DA:7,1
DA:9,1
DA:10,1
DA:12,1
DA:13,0
DA:15,1
LF:8
LH:7
BRF:0
BRH:0
end_of_record
TN:
SF:src/controllers/login.controller.js
FN:11,(anonymous_0)
FNF:1
FNH:1
FNDA:103,(anonymous_0)
DA:3,1
DA:4,1
DA:5,1
DA:6,1
DA:8,1
DA:12,103
DA:13,103
DA:14,103
DA:15,1
DA:20,102
DA:22,102
DA:23,5
DA:25,97
DA:26,0
DA:29,97
DA:30,97
DA:31,1
DA:33,96
DA:34,96
DA:35,0
DA:36,0
DA:43,0
DA:44,0
DA:45,0
DA:50,0
DA:51,0
DA:52,0
DA:53,0
DA:58,0
DA:62,96
DA:67,0
DA:70,1
DA:72,1
LF:33
LH:21
BRDA:14,0,0,1
BRDA:14,0,1,102
BRDA:14,1,0,103
BRDA:14,1,1,102
BRDA:22,2,0,5
BRDA:22,2,1,97
BRDA:25,3,0,0
BRDA:25,3,1,97
BRDA:30,4,0,1
BRDA:30,4,1,96
BRDA:34,5,0,0
BRDA:34,5,1,96
BRDA:52,6,0,0
BRDA:52,6,1,0
BRF:14
BRH:10
end_of_record
TN:
SF:src/controllers/reset-password.controller.js
FN:11,(anonymous_0)
FN:43,(anonymous_1)
FNF:2
FNH:2
FNDA:3,(anonymous_0)
FNDA:4,(anonymous_1)
DA:4,1
DA:5,1
DA:6,1
DA:8,1
DA:11,1
DA:12,3
DA:13,3
DA:16,3
DA:17,2
DA:18,1
DA:22,1
DA:25,1
DA:26,1
DA:29,1
DA:35,1
DA:37,0
DA:39,2
DA:41,1
DA:43,1
DA:44,4
DA:45,4
DA:47,4
DA:48,1
DA:52,3
DA:53,2
DA:54,1
DA:58,1
DA:59,1
DA:64,1
DA:66,1
DA:68,1
LF:31
LH:30
BRDA:17,0,0,1
BRDA:17,0,1,1
BRDA:47,1,0,1
BRDA:47,1,1,3
BRDA:53,2,0,1
BRDA:53,2,1,1
BRF:6
BRH:6
end_of_record
TN:
SF:src/controllers/searchProducts.controller.js
FN:8,(anonymous_0)
FNF:1
FNH:1
FNDA:6,(anonymous_0)
DA:1,1
DA:2,1
DA:3,1
DA:4,1
DA:6,1
DA:8,1
DA:9,6
DA:11,6
DA:12,1
DA:16,5
DA:18,5
DA:19,3
DA:22,5
DA:23,2
DA:26,5
DA:27,2
DA:28,3
DA:29,0
DA:30,3
DA:31,0
DA:34,5
DA:35,5
DA:36,5
DA:39,0
DA:42,1
LF:25
LH:22
BRDA:11,0,0,1
BRDA:11,0,1,5
BRDA:18,1,0,3
BRDA:18,1,1,2
BRDA:22,2,0,2
BRDA:22,2,1,3
BRDA:26,3,0,2
BRDA:26,3,1,3
BRDA:26,4,0,5
BRDA:26,4,1,2
BRDA:28,5,0,0
BRDA:28,5,1,3
BRDA:30,6,0,0
BRDA:30,6,1,3
BRDA:35,7,0,5
BRDA:35,7,1,0
BRF:16
BRH:13
end_of_record
TN:
SF:src/controllers/shopping-cart.controller.js
FN:4,(anonymous_0)
FN:86,(anonymous_1)
FNF:2
FNH:2
FNDA:1,(anonymous_0)
FNDA:1,(anonymous_1)
DA:2,1
DA:4,1
DA:5,1
DA:6,1
DA:9,1
DA:10,1
DA:11,0
DA:18,1
DA:19,0
DA:26,1
DA:27,0
DA:34,1
DA:35,0
DA:41,1
DA:42,0
DA:49,1
DA:54,1
DA:57,0
DA:58,0
DA:59,0
DA:61,0
DA:68,1
DA:69,1
DA:71,1
DA:80,1
DA:85,1
DA:86,1
DA:91,1
DA:94,1
DA:120,0
DA:129,1
LF:31
LH:21
BRDA:10,0,0,0
BRDA:10,0,1,1
BRDA:18,1,0,0
BRDA:18,1,1,1
BRDA:26,2,0,0
BRDA:26,2,1,1
BRDA:34,3,0,0
BRDA:34,3,1,1
BRDA:41,4,0,0
BRDA:41,4,1,1
BRDA:54,5,0,0
BRDA:54,5,1,1
BRF:12
BRH:6
end_of_record
TN:
SF:src/controllers/signup.controller.js
FN:16,(anonymous_0)
FN:45,(anonymous_1)
FNF:2
FNH:2
FNDA:32,(anonymous_0)
FNDA:19,(anonymous_1)
DA:5,1
DA:6,1
DA:7,1
DA:8,1
DA:9,1
DA:10,1
DA:11,1
DA:13,1
DA:16,1
DA:17,32
DA:18,32
DA:20,32
DA:21,2
DA:24,30
DA:26,30
DA:27,11
DA:32,19
DA:33,19
DA:35,19
DA:37,19
DA:44,19
DA:46,19
DA:47,19
DA:54,1
LF:24
LH:24
BRDA:20,0,0,2
BRDA:20,0,1,30
BRDA:26,1,0,11
BRDA:26,1,1,19
BRF:4
BRH:4
end_of_record
TN:
SF:src/controllers/signupAdmin.controller.js
FN:8,(anonymous_0)
FN:34,(anonymous_1)
FNF:2
FNH:2
FNDA:19,(anonymous_0)
FNDA:10,(anonymous_1)
DA:1,1
DA:2,1
DA:3,1
DA:4,1
DA:5,1
DA:7,1
DA:8,1
DA:9,19
DA:11,19
DA:13,19
DA:14,1
DA:16,18
DA:18,18
DA:19,8
DA:24,10
DA:25,10
DA:26,10
DA:27,10
DA:33,10
DA:35,10
DA:36,10
DA:43,1
LF:22
LH:22
BRDA:13,0,0,1
BRDA:13,0,1,18
BRDA:18,1,0,8
BRDA:18,1,1,10
BRF:4
BRH:4
end_of_record
TN:
SF:src/controllers/two-factor-auth.controller.js
FN:9,(anonymous_0)
FN:25,(anonymous_1)
FN:33,(anonymous_2)
FN:43,(anonymous_3)
FN:60,(anonymous_4)
FN:91,(anonymous_5)
FNF:6
FNH:2
FNDA:0,(anonymous_0)
FNDA:1,(anonymous_1)
FNDA:1,(anonymous_2)
FNDA:0,(anonymous_3)
FNDA:0,(anonymous_4)
FNDA:0,(anonymous_5)
DA:1,1
DA:2,1
DA:3,1
DA:4,1
DA:5,1
DA:7,1
DA:9,1
DA:10,0
DA:11,0
DA:12,0
DA:14,0
DA:21,0
DA:23,1
DA:25,1
DA:26,1
DA:31,1
DA:32,1
DA:33,1
DA:34,1
DA:37,1
DA:41,1
DA:43,1
DA:45,0
DA:46,0
DA:47,0
DA:49,0
DA:57,0
DA:58,1
DA:60,1
DA:61,0
DA:62,0
DA:63,0
DA:64,0
DA:71,0
DA:72,0
DA:73,0
DA:79,0
DA:80,0
DA:81,0
DA:82,0
DA:83,0
DA:89,1
DA:91,1
DA:92,0
DA:93,0
DA:94,0
DA:96,0
DA:97,0
DA:98,0
DA:104,0
DA:105,0
DA:107,0
DA:108,1
LF:53
LH:22
BRDA:11,0,0,0
BRDA:11,0,1,0
BRDA:46,1,0,0
BRDA:46,1,1,0
BRDA:62,2,0,0
BRDA:62,2,1,0
BRDA:82,3,0,0
BRDA:82,3,1,0
BRDA:93,4,0,0
BRDA:93,4,1,0
BRDA:104,5,0,0
BRDA:104,5,1,0
BRF:12
BRH:0
end_of_record
TN:
SF:src/controllers/update-product.controller.js
FN:3,(anonymous_0)
FNF:1
FNH:0
FNDA:0,(anonymous_0)
DA:1,1
DA:3,1
DA:4,0
DA:5,0
DA:8,0
DA:11,0
DA:13,0
DA:14,0
DA:21,0
DA:22,0
DA:23,0
DA:33,0
DA:39,0
DA:47,1
LF:14
LH:3
BRDA:13,0,0,0
BRDA:13,0,1,0
BRDA:22,1,0,0
BRDA:22,1,1,0
BRDA:22,2,0,0
BRDA:22,2,1,0
BRF:6
BRH:0
end_of_record
TN:
SF:src/controllers/update-shopping-cart.contoller.js
FN:5,(anonymous_0)
FN:23,(anonymous_1)
FNF:2
FNH:0
FNDA:0,(anonymous_0)
FNDA:0,(anonymous_1)
DA:2,1
DA:5,1
DA:6,0
DA:8,0
DA:9,0
DA:10,0
DA:17,0
DA:22,0
DA:23,0
DA:26,0
DA:31,0
DA:58,1
LF:12
LH:3
BRF:0
BRH:0
end_of_record
TN:
SF:src/controllers/userRoles.controller.js
FN:5,(anonymous_0)
FN:31,(anonymous_1)
FN:61,(anonymous_2)
FNF:3
FNH:3
FNDA:4,(anonymous_0)
FNDA:3,(anonymous_1)
FNDA:20,(anonymous_2)
DA:1,1
DA:2,1
DA:4,1
DA:5,1
DA:6,4
DA:7,4
DA:8,4
DA:9,4
DA:10,4
DA:11,1
DA:13,3
DA:14,1
DA:16,2
DA:17,2
DA:18,2
DA:19,1
DA:23,1
DA:24,1
DA:25,1
DA:26,1
DA:28,0
DA:30,1
DA:31,1
DA:32,3
DA:33,3
DA:34,3
DA:35,3
DA:36,3
DA:37,1
DA:39,2
DA:40,1
DA:44,1
DA:45,1
DA:46,1
DA:47,1
DA:49,0
DA:53,1
DA:54,1
DA:55,1
DA:57,0
DA:59,1
DA:61,1
DA:62,20
DA:63,20
DA:64,20
DA:65,20
DA:66,19
DA:67,1
DA:70,18
DA:71,1
DA:73,17
DA:74,17
DA:75,16
DA:78,17
DA:79,17
DA:80,1
DA:82,16
DA:83,7
DA:87,9
DA:88,9
DA:90,9
DA:92,1
DA:94,1
LF:63
LH:60
BRDA:10,0,0,1
BRDA:10,0,1,3
BRDA:13,1,0,1
BRDA:13,1,1,2
BRDA:18,2,0,1
BRDA:18,2,1,1
BRDA:36,3,0,1
BRDA:36,3,1,2
BRDA:39,4,0,1
BRDA:39,4,1,1
BRDA:46,5,0,1
BRDA:46,5,1,0
BRDA:66,6,0,1
BRDA:66,6,1,18
BRDA:70,7,0,1
BRDA:70,7,1,17
BRDA:74,8,0,16
BRDA:74,8,1,1
BRDA:79,9,0,1
BRDA:79,9,1,16
BRDA:82,10,0,7
BRDA:82,10,1,9
BRF:22
BRH:21
end_of_record
TN:
SF:src/controllers/view-cart-items.controller.js
FN:4,(anonymous_0)
FNF:1
FNH:1
FNDA:2,(anonymous_0)
DA:1,1
DA:2,1
DA:4,1
DA:5,2
DA:7,2
DA:9,2
DA:10,2
DA:12,0
DA:15,1
LF:9
LH:8
BRDA:9,0,0,2
BRDA:9,0,1,0
BRF:2
BRH:1
end_of_record
TN:
SF:src/middlewares/checkOut.middleware.js
FN:7,(anonymous_0)
FN:44,(anonymous_1)
FNF:2
FNH:2
FNDA:3,(anonymous_0)
FNDA:2,(anonymous_1)
DA:1,1
DA:3,1
DA:5,1
DA:7,1
DA:9,3
DA:11,3
DA:12,0
DA:18,3
DA:20,3
DA:22,3
DA:24,3
DA:25,0
DA:31,3
DA:36,3
DA:37,1
DA:43,2
DA:44,2
DA:48,2
DA:50,2
DA:52,2
DA:53,1
DA:60,1
DA:61,1
DA:62,1
DA:63,1
DA:64,1
DA:65,1
DA:69,1
LF:28
LH:26
BRDA:11,0,0,0
BRDA:11,0,1,3
BRDA:24,1,0,0
BRDA:24,1,1,3
BRDA:36,2,0,1
BRDA:36,2,1,2
BRDA:36,3,0,3
BRDA:36,3,1,3
BRDA:52,4,0,1
BRDA:52,4,1,1
BRF:10
BRH:8
end_of_record
TN:
SF:src/middlewares/login.middleware.js
FN:7,(anonymous_0)
FNF:1
FNH:1
FNDA:7,(anonymous_0)
DA:4,1
DA:8,7
DA:9,7
DA:11,7
DA:12,2
DA:14,5
DA:15,4
DA:16,0
DA:18,4
DA:19,4
DA:21,1
DA:28,1
LF:12
LH:11
BRDA:11,0,0,2
BRDA:11,0,1,5
BRDA:15,1,0,0
BRDA:15,1,1,4
BRF:4
BRH:3
end_of_record
TN:
SF:src/middlewares/searchProduct.middleware.js
FN:1,(anonymous_0)
FNF:1
FNH:1
FNDA:8,(anonymous_0)
DA:1,1
DA:4,8
DA:5,8
DA:6,8
DA:7,6
DA:8,6
DA:10,2
DA:13,0
DA:17,1
LF:9
LH:8
BRDA:6,0,0,6
BRDA:6,0,1,2
BRDA:6,1,0,8
BRDA:6,1,1,5
BRDA:6,1,2,4
BRDA:6,1,3,2
BRF:6
BRH:6
end_of_record
TN:
SF:src/middlewares/update-shopping-cart.middleware.js
FN:5,(anonymous_0)
FNF:1
FNH:0
FNDA:0,(anonymous_0)
DA:3,1
DA:5,1
DA:6,0
DA:7,0
DA:9,0
DA:12,0
DA:14,0
DA:15,0
DA:19,0
DA:20,0
DA:24,0
DA:29,0
DA:30,0
DA:36,0
DA:37,0
DA:44,0
DA:45,0
DA:52,0
DA:53,0
DA:58,0
DA:59,0
DA:60,0
DA:61,0
DA:62,0
DA:63,0
DA:66,1
LF:26
LH:3
BRDA:14,0,0,0
BRDA:14,0,1,0
BRDA:19,1,0,0
BRDA:19,1,1,0
BRDA:29,2,0,0
BRDA:29,2,1,0
BRDA:36,3,0,0
BRDA:36,3,1,0
BRDA:44,4,0,0
BRDA:44,4,1,0
BRDA:52,5,0,0
BRDA:52,5,1,0
BRF:12
BRH:0
end_of_record
TN:
SF:src/middlewares/user.Checkrole.js
FN:1,(anonymous_0)
FN:1,(anonymous_1)
FNF:2
FNH:2
FNDA:2,(anonymous_0)
FNDA:6,(anonymous_1)
DA:1,2
DA:2,6
DA:3,6
DA:4,6
DA:5,5
DA:7,1
DA:13,0
DA:17,1
LF:8
LH:7
BRDA:4,0,0,5
BRDA:4,0,1,1
BRF:2
BRH:2
end_of_record
TN:
SF:src/middlewares/userRoles.middleware.js
FN:8,(anonymous_0)
FN:36,(anonymous_1)
FN:65,(anonymous_2)
FN:90,(anonymous_3)
FNF:4
FNH:4
FNDA:32,(anonymous_0)
FNDA:7,(anonymous_1)
FNDA:21,(anonymous_2)
FNDA:19,(anonymous_3)
DA:2,1
DA:3,1
DA:4,1
DA:6,1
DA:8,1
DA:9,32
DA:10,32
DA:11,32
DA:12,1
DA:14,31
DA:15,31
DA:16,30
DA:17,30
DA:18,0
DA:21,30
DA:23,28
DA:24,28
DA:26,0
DA:29,3
DA:30,1
DA:32,2
DA:34,1
DA:36,1
DA:37,7
DA:38,7
DA:39,7
DA:40,0
DA:42,7
DA:43,7
DA:44,6
DA:45,6
DA:46,0
DA:49,6
DA:51,6
DA:52,5
DA:53,5
DA:55,1
DA:58,1
DA:59,1
DA:61,0
DA:63,1
DA:65,1
DA:66,21
DA:67,21
DA:68,21
DA:69,1
DA:71,20
DA:72,20
DA:73,20
DA:74,0
DA:76,20
DA:77,20
DA:78,7
DA:80,13
DA:81,13
DA:83,0
DA:84,0
DA:86,0
DA:88,1
DA:90,1
DA:91,19
DA:92,19
DA:93,19
DA:94,1
DA:96,18
DA:97,18
DA:98,16
DA:99,16
DA:100,0
DA:104,16
DA:105,16
DA:106,16
DA:107,0
DA:111,16
DA:112,16
DA:114,2
DA:115,0
DA:117,2
DA:121,1
LF:79
LH:67
BRDA:11,0,0,1
BRDA:11,0,1,31
BRDA:17,1,0,0
BRDA:17,1,1,30
BRDA:23,2,0,28
BRDA:23,2,1,0
BRDA:29,3,0,1
BRDA:29,3,1,2
BRDA:39,4,0,0
BRDA:39,4,1,7
BRDA:45,5,0,0
BRDA:45,5,1,6
BRDA:51,6,0,5
BRDA:51,6,1,1
BRDA:58,7,0,1
BRDA:58,7,1,0
BRDA:68,8,0,1
BRDA:68,8,1,20
BRDA:73,9,0,0
BRDA:73,9,1,20
BRDA:77,10,0,7
BRDA:77,10,1,13
BRDA:77,11,0,20
BRDA:77,11,1,20
BRDA:83,12,0,0
BRDA:83,12,1,0
BRDA:93,13,0,1
BRDA:93,13,1,18
BRDA:99,14,0,0
BRDA:99,14,1,16
BRDA:106,15,0,0
BRDA:106,15,1,16
BRDA:114,16,0,0
BRDA:114,16,1,2
BRF:34
BRH:23
end_of_record
TN:
SF:src/middlewares/view-cart-items.middleware.js
FN:3,(anonymous_0)
FNF:1
FNH:1
FNDA:2,(anonymous_0)
DA:1,1
DA:3,1
DA:4,2
DA:5,2
DA:6,2
DA:8,2
DA:10,2
DA:12,1
LF:8
LH:8
BRF:0
BRH:0
end_of_record
TN:
SF:src/routes/2FA-for-merchants.routes.js
FNF:0
FNH:0
DA:1,1
DA:2,1
DA:5,1
DA:7,1
DA:9,1
DA:26,1
DA:43,1
DA:60,1
DA:86,1
LF:9
LH:9
BRF:0
BRH:0
end_of_record
TN:
SF:src/routes/checkOut.routes.js
FNF:0
FNH:0
DA:1,1
DA:2,1
DA:4,1
DA:6,1
DA:8,1
DA:10,1
DA:64,1
DA:199,1
LF:8
LH:8
BRF:0
BRH:0
end_of_record
TN:
SF:src/routes/create-product.routes.js
FNF:0
FNH:0
DA:2,1
DA:3,1
DA:4,1
DA:6,1
DA:102,1
DA:104,1
LF:6
LH:6
BRF:0
BRH:0
end_of_record
TN:
SF:src/routes/deleteProduct.routes.js
FNF:0
FNH:0
DA:1,1
DA:2,1
DA:3,1
DA:4,1
DA:6,1
DA:68,1
DA:69,1
LF:7
LH:7
BRF:0
BRH:0
end_of_record
TN:
SF:src/routes/disable-account.routes.js
FNF:0
FNH:0
DA:1,1
DA:2,1
DA:3,1
DA:5,1
DA:85,1
DA:87,1
LF:6
LH:6
BRF:0
BRH:0
end_of_record
TN:
SF:src/routes/getItems.routes.js
FNF:0
FNH:0
DA:1,1
DA:2,1
DA:3,1
DA:4,1
DA:6,1
DA:38,1
DA:72,1
DA:74,1
LF:8
LH:8
BRF:0
BRH:0
end_of_record
TN:
SF:src/routes/google-auth.routes.js
FN:18,(anonymous_0)
FN:157,(anonymous_1)
FNF:2
FNH:1
FNDA:1,(anonymous_0)
FNDA:0,(anonymous_1)
DA:2,1
DA:4,1
DA:6,1
DA:9,1
DA:14,1
DA:16,1
DA:18,1
DA:19,1
DA:27,1
DA:28,1
DA:30,1
DA:32,1
DA:39,1
DA:40,1
DA:71,1
DA:99,1
DA:157,1
DA:158,0
DA:161,1
LF:19
LH:18
BRDA:18,0,0,0
BRDA:18,0,1,1
BRF:2
BRH:1
end_of_record
TN:
SF:src/routes/login.routes.js
FN:83,(anonymous_0)
FNF:1
FNH:1
FNDA:1,(anonymous_0)
DA:7,1
DA:8,1
DA:10,1
DA:11,1
DA:13,1
DA:53,1
DA:80,1
DA:84,1
DA:88,1
LF:9
LH:9
BRF:0
BRH:0
end_of_record
TN:
SF:src/routes/reset-password.routes.js
FNF:0
FNH:0
DA:2,1
DA:3,1
DA:8,1
DA:10,1
DA:52,1
DA:88,1
LF:6
LH:6
BRF:0
BRH:0
end_of_record
TN:
SF:src/routes/routesCalls.routes.js
FNF:0
FNH:0
DA:2,1
DA:3,1
DA:4,1
DA:5,1
DA:6,1
DA:7,1
DA:8,1
DA:9,1
DA:10,1
DA:11,1
DA:12,1
DA:13,1
DA:14,1
DA:15,1
DA:16,1
DA:17,1
DA:18,1
DA:19,1
DA:20,1
DA:22,1
DA:24,1
DA:25,1
DA:26,1
DA:27,1
DA:28,1
DA:29,1
DA:30,1
DA:31,1
DA:32,1
DA:33,1
DA:34,1
DA:35,1
DA:36,1
DA:37,1
DA:38,1
DA:39,1
DA:40,1
DA:41,1
DA:43,1
LF:39
LH:39
BRF:0
BRH:0
end_of_record
TN:
SF:src/routes/searchProducts.routes.js
FNF:0
FNH:0
DA:1,1
DA:2,1
DA:3,1
DA:4,1
DA:6,1
DA:50,1
DA:52,1
LF:7
LH:7
BRF:0
BRH:0
end_of_record
TN:
SF:src/routes/shopping-cart.routes.js
FNF:0
FNH:0
DA:2,1
DA:3,1
DA:4,1
DA:6,1
DA:122,1
DA:124,1
LF:6
LH:6
BRF:0
BRH:0
end_of_record
TN:
SF:src/routes/signup.routes.js
FNF:0
FNH:0
DA:2,1
DA:3,1
DA:5,1
DA:59,1
DA:73,1
LF:5
LH:5
BRF:0
BRH:0
end_of_record
TN:
SF:src/routes/signupAdmin.routes.js
FNF:0
FNH:0
DA:1,1
DA:2,1
DA:4,1
DA:38,1
DA:39,1
LF:5
LH:5
BRF:0
BRH:0
end_of_record
TN:
SF:src/routes/test.routes.js
FN:10,(anonymous_0)
FN:14,(anonymous_1)
FN:17,(anonymous_2)
FNF:3
FNH:3
FNDA:1,(anonymous_0)
FNDA:1,(anonymous_1)
FNDA:1,(anonymous_2)
DA:2,1
DA:3,1
DA:8,1
DA:10,1
DA:11,1
DA:14,1
DA:15,1
DA:17,1
DA:18,1
DA:20,1
LF:10
LH:10
BRF:0
BRH:0
end_of_record
TN:
SF:src/routes/update-product.routes.js
FNF:0
FNH:0
DA:2,1
DA:3,1
DA:4,1
DA:6,1
DA:87,1
DA:89,1
LF:6
LH:6
BRF:0
BRH:0
end_of_record
TN:
SF:src/routes/update-shopping-cart.routes.js
FNF:0
FNH:0
DA:2,1
DA:3,1
DA:4,1
DA:5,1
DA:7,1
DA:98,1
DA:105,1
LF:7
LH:7
BRF:0
BRH:0
end_of_record
TN:
SF:src/routes/userRoles.routes.js
FNF:0
FNH:0
DA:2,1
DA:3,1
DA:8,1
DA:10,1
DA:105,1
DA:106,1
DA:107,1
DA:108,1
LF:8
LH:8
BRF:0
BRH:0
end_of_record
TN:
SF:src/routes/view-cart-items.routes.js
FNF:0
FNH:0
DA:1,1
DA:2,1
DA:3,1
DA:4,1
DA:6,1
DA:99,1
DA:101,1
LF:7
LH:7
BRF:0
BRH:0
end_of_record
TN:
SF:src/services/auth.js
FN:25,(anonymous_0)
FN:27,(anonymous_1)
FN:38,(anonymous_2)
FN:39,(anonymous_3)
FN:41,(anonymous_4)
FN:45,(anonymous_5)
FN:49,(anonymous_6)
FN:51,(anonymous_7)
FN:57,(anonymous_8)
FNF:9
FNH:0
FNDA:0,(anonymous_0)
FNDA:0,(anonymous_1)
FNDA:0,(anonymous_2)
FNDA:0,(anonymous_3)
FNDA:0,(anonymous_4)
FNDA:0,(anonymous_5)
FNDA:0,(anonymous_6)
FNDA:0,(anonymous_7)
FNDA:0,(anonymous_8)
DA:2,1
DA:3,1
DA:5,1
DA:6,1
DA:8,1
DA:10,1
DA:12,1
DA:13,1
DA:14,1
DA:15,1
DA:17,1
DA:19,1
DA:26,0
DA:28,0
DA:29,0
DA:31,0
DA:37,0
DA:38,0
DA:39,0
DA:41,0
DA:45,1
DA:46,0
DA:49,1
DA:50,0
DA:52,0
DA:53,0
DA:55,0
DA:58,0
LF:28
LH:14
BRDA:28,0,0,0
BRDA:28,0,1,0
BRDA:52,1,0,0
BRDA:52,1,1,0
BRF:4
BRH:0
end_of_record
TN:
SF:src/utils/handlingTryCatchBlocks.js
FN:2,(anonymous_0)
FN:2,(anonymous_1)
FNF:2
FNH:2
FNDA:13,(anonymous_0)
FNDA:71,(anonymous_1)
DA:2,13
DA:3,71
DA:4,71
DA:6,0
DA:13,1
LF:5
LH:4
BRDA:8,0,0,0
BRDA:8,0,1,0
BRF:2
BRH:0
end_of_record
TN:
SF:src/utils/sendEmail.util.js
FN:3,(anonymous_0)
FN:18,(anonymous_1)
FNF:2
FNH:2
FNDA:1,(anonymous_0)
FNDA:1,(anonymous_1)
DA:1,1
DA:3,1
DA:4,1
DA:11,1
DA:18,1
DA:19,1
DA:20,1
DA:21,1
DA:23,0
DA:26,1
DA:29,1
LF:11
LH:10
BRDA:19,0,0,1
BRDA:19,0,1,0
BRF:2
BRH:1
end_of_record
TN:
SF:src/utils/user.util.js
FN:4,(anonymous_0)
FN:15,(anonymous_1)
FN:20,(anonymous_2)
FN:25,(anonymous_3)
FNF:4
FNH:4
FNDA:125,(anonymous_0)
FNDA:66,(anonymous_1)
FNDA:29,(anonymous_2)
FNDA:97,(anonymous_3)
DA:1,1
DA:2,1
DA:4,1
DA:5,125
DA:12,125
DA:13,1
DA:15,1
DA:16,66
DA:17,63
DA:18,1
DA:20,1
DA:21,29
DA:22,29
DA:23,1
DA:25,1
DA:26,97
DA:27,97
DA:28,1
LF:18
LH:18
BRF:0
BRH:0
end_of_record
TN:
SF:src/utils/userRoles.util.js
FNF:0
FNH:0
DA:1,1
DA:19,1
LF:2
LH:2
BRF:0
BRH:0
end_of_record
TN:
SF:src/validation/checkOut.validator.js
FN:4,(anonymous_0)
FN:4,(anonymous_1)
FNF:2
FNH:2
FNDA:2,(anonymous_0)
FNDA:2,(anonymous_1)
DA:1,1
DA:4,2
DA:6,1
DA:23,1
DA:25,1
LF:5
LH:5
BRF:0
BRH:0
end_of_record
TN:
SF:src/validation/product.validator.js
FN:6,(anonymous_0)
FN:6,(anonymous_1)
FNF:2
FNH:2
FNDA:2,(anonymous_0)
FNDA:12,(anonymous_1)
DA:4,1
DA:6,12
DA:8,1
DA:21,1
DA:23,1
LF:5
LH:5
BRF:0
BRH:0
end_of_record
TN:
SF:src/validation/searchProduct.validator.js
FN:3,(anonymous_0)
FN:3,(anonymous_1)
FNF:2
FNH:2
FNDA:2,(anonymous_0)
FNDA:6,(anonymous_1)
DA:1,1
DA:3,6
DA:5,1
DA:12,1
DA:14,1
LF:5
LH:5
BRF:0
BRH:0
end_of_record
TN:
SF:src/validation/signup.validator.js
FN:10,(anonymous_0)
FN:10,(anonymous_1)
FNF:2
FNH:2
FNDA:2,(anonymous_0)
FNDA:51,(anonymous_1)
DA:4,1
DA:6,1
DA:8,1
DA:10,51
DA:12,1
DA:27,1
DA:29,1
LF:7
LH:7
BRF:0
BRH:0
end_of_record
